<?xml version="1.0" encoding="UTF-8"?>
<testng-results ignored="0" total="2" passed="2" failed="0" skipped="0">
  <reporter-output>
  </reporter-output>
  <suite started-at="2024-01-08T12:19:46 IST" name="Default suite" finished-at="2024-01-08T12:20:05 IST" duration-ms="19227">
    <groups>
    </groups>
    <test started-at="2024-01-08T12:19:46 IST" name="Default test" finished-at="2024-01-08T12:20:05 IST" duration-ms="19227">
      <class name="Testpages.LoginpageTest">
        <test-method is-config="true" signature="InitalizeExtentReport()[pri:0, instance:Testpages.LoginpageTest@54d9d12d]" started-at="2024-01-08T12:19:45 IST" name="InitalizeExtentReport" finished-at="2024-01-08T12:19:46 IST" duration-ms="636" status="PASS">
          <reporter-output>
          </reporter-output>
        </test-method> <!-- InitalizeExtentReport -->
        <test-method is-config="true" signature="getnameMethod(org.testng.ITestContext)[pri:0, instance:Testpages.LoginpageTest@54d9d12d]" started-at="2024-01-08T12:19:46 IST" name="getnameMethod" finished-at="2024-01-08T12:19:46 IST" duration-ms="23" status="PASS">
          <params>
            <param index="0">
              <value>
                <![CDATA[org.testng.TestRunner@4fc5563d]]>
              </value>
            </param>
          </params>
          <reporter-output>
          </reporter-output>
        </test-method> <!-- getnameMethod -->
        <test-method is-config="true" signature="openApplication()[pri:0, instance:Testpages.LoginpageTest@54d9d12d]" started-at="2024-01-08T12:19:47 IST" name="openApplication" finished-at="2024-01-08T12:19:54 IST" duration-ms="6990" status="PASS">
          <reporter-output>
          </reporter-output>
        </test-method> <!-- openApplication -->
        <test-method signature="LoginUser(java.lang.String,java.lang.String)[pri:49, instance:Testpages.LoginpageTest@54d9d12d]" started-at="2024-01-08T12:19:54 IST" name="LoginUser" data-provider="testdata" finished-at="2024-01-08T12:19:56 IST" duration-ms="2292" status="PASS">
          <params>
            <param index="0">
              <value>
                <![CDATA[saikirandemouser12@gmail.com]]>
              </value>
            </param>
            <param index="1">
              <value>
                <![CDATA[123456.0]]>
              </value>
            </param>
          </params>
          <reporter-output>
          </reporter-output>
        </test-method> <!-- LoginUser -->
        <test-method is-config="true" signature="generateTestStatus(java.lang.reflect.Method,org.testng.ITestResult)[pri:0, instance:Testpages.LoginpageTest@54d9d12d]" started-at="2024-01-08T12:19:56 IST" name="generateTestStatus" finished-at="2024-01-08T12:19:56 IST" duration-ms="21" status="PASS">
          <params>
            <param index="0">
              <value>
                <![CDATA[public void Testpages.LoginpageTest.LoginUser(java.lang.String,java.lang.String)]]>
              </value>
            </param>
            <param index="1">
              <value>
                <![CDATA[[TestResult name=LoginUser status=SUCCESS method=LoginpageTest.LoginUser(java.lang.String,java.lang.String)[pri:49, instance:Testpages.LoginpageTest@54d9d12d] output={null}]]]>
              </value>
            </param>
          </params>
          <reporter-output>
          </reporter-output>
        </test-method> <!-- generateTestStatus -->
        <test-method is-config="true" signature="openApplication()[pri:0, instance:Testpages.LoginpageTest@54d9d12d]" started-at="2024-01-08T12:19:56 IST" name="openApplication" finished-at="2024-01-08T12:20:02 IST" duration-ms="5503" status="PASS">
          <reporter-output>
          </reporter-output>
        </test-method> <!-- openApplication -->
        <test-method signature="LoginUser(java.lang.String,java.lang.String)[pri:49, instance:Testpages.LoginpageTest@54d9d12d]" started-at="2024-01-08T12:20:02 IST" name="LoginUser" data-provider="testdata" finished-at="2024-01-08T12:20:05 IST" duration-ms="2998" status="PASS">
          <params>
            <param index="0">
              <value>
                <![CDATA[saikirandemouser23@gmail.com]]>
              </value>
            </param>
            <param index="1">
              <value>
                <![CDATA[987456.0]]>
              </value>
            </param>
          </params>
          <reporter-output>
          </reporter-output>
        </test-method> <!-- LoginUser -->
        <test-method is-config="true" signature="generateTestStatus(java.lang.reflect.Method,org.testng.ITestResult)[pri:0, instance:Testpages.LoginpageTest@54d9d12d]" started-at="2024-01-08T12:20:05 IST" name="generateTestStatus" finished-at="2024-01-08T12:20:05 IST" duration-ms="1" status="PASS">
          <params>
            <param index="0">
              <value>
                <![CDATA[public void Testpages.LoginpageTest.LoginUser(java.lang.String,java.lang.String)]]>
              </value>
            </param>
            <param index="1">
              <value>
                <![CDATA[[TestResult name=LoginUser status=SUCCESS method=LoginpageTest.LoginUser(java.lang.String,java.lang.String)[pri:49, instance:Testpages.LoginpageTest@54d9d12d] output={null}]]]>
              </value>
            </param>
          </params>
          <reporter-output>
          </reporter-output>
        </test-method> <!-- generateTestStatus -->
        <test-method is-config="true" signature="generateReports()[pri:0, instance:Testpages.LoginpageTest@54d9d12d]" started-at="2024-01-08T12:20:05 IST" name="generateReports" finished-at="2024-01-08T12:20:08 IST" duration-ms="2605" status="PASS">
          <reporter-output>
          </reporter-output>
        </test-method> <!-- generateReports -->
      </class> <!-- Testpages.LoginpageTest -->
    </test> <!-- Default test -->
  </suite> <!-- Default suite -->
</testng-results>
